[2026-02-14T16:49:00+00:00] TO:hugologer8867@gmail.com
SUBJECT:Bienvenue chez Vite & Gourmand
Bonjour hugo,
Votre compte a bien été créé.

[2026-02-14T16:55:42+00:00] TO:hugologer8867@gmail.com
SUBJECT:Confirmation de commande
Votre commande #1 a ete enregistree.

[2026-02-14T17:13:02+00:00] TO:hugologer8867@gmail.com
SUBJECT:Confirmation de commande
Votre commande #2 a ete enregistree.

[2026-02-14T17:52:12+00:00] TO:hugologer8867@gmail.com
SUBJECT:Confirmation de commande
Votre commande #3 a ete enregistree.

[2026-02-14T18:40:01+00:00] TO:hugologer8867@gmail.com
SUBJECT:Confirmation de commande
Votre commande #4 a ete enregistree.

[2026-02-14T19:34:42+00:00] TO:hugologer8867@gmail.com
SUBJECT:Confirmation de commande
Votre commande #5 a ete enregistree.

[2026-02-14T19:34:48+00:00] TO:hugologer8867@gmail.com
SUBJECT:Confirmation de commande
Votre commande #6 a ete enregistree.

[2026-02-14T20:30:51+00:00] TO:client1@exemple.fr
SUBJECT:Bienvenue chez Vite & Gourmand
Bonjour Joris,
Votre compte a bien été créé.

[2026-02-14T20:31:38+00:00] TO:client1@exemple.fr
SUBJECT:Confirmation de commande
Votre commande #7 a ete enregistree.

[2026-02-14T21:46:47+00:00] TO:jd@email.fr
SUBJECT:Bienvenue chez Vite & Gourmand
Bonjour jean,
Votre compte a bien été créé.

[2026-02-14T21:47:40+00:00] TO:jd@email.fr
SUBJECT:Confirmation de commande
Votre commande #8 a ete enregistree.

[2026-02-14T21:47:43+00:00] TO:jd@email.fr
SUBJECT:Confirmation de commande
Votre commande #9 a ete enregistree.

